  Checkpoint: 35 fondos ya cargados -> se saltan.
             Usa --force para recargar todo.
Descargando NAV para 3149 fondos | desde=2000-01-01 | dry_run=False

  [   1/3149] DE0008474263 -> sin datos (error de red)
  [   2/3149] DE0008490962 -> sin NAV (endpoint de pago/restringido)
  [   3/3149] DE0009769851 -> sin NAV (endpoint de pago/restringido)
  [   4/3149] DE0009769869 -> sin NAV (endpoint de pago/restringido)
  [   5/3149] DE0009769976 -> sin NAV (endpoint de pago/restringido)
  [   6/3149] DE0009773010 -> sin NAV (endpoint de pago/restringido)
  [   7/3149] DE0009848077 -> sin NAV (endpoint de pago/restringido)
  [   8/3149] DE0009848119 -> sin NAV (endpoint de pago/restringido)
  [   9/3149] DE000DWS17J0 -> sin NAV (endpoint de pago/restringido)
  [  10/3149] DE000DWS18N0 -> sin NAV (endpoint de pago/restringido)
  [  11/3149] DE000DWS18Q3 -> sin NAV (endpoint de pago/restringido)
  [  12/3149] DE000DWS1U90 -> sin NAV (endpoint de pago/restringido)
  [  13/3149] DE000DWS1UL0 -> sin NAV (endpoint de pago/restringido)
  [  14/3149] DE000DWS1UN6 -> sin NAV (endpoint de pago/restringido)
  [  15/3149] DE000DWS1VB9 -> sin NAV (endpoint de pago/restringido)
  [  16/3149] DE000DWS22P7 -> sin NAV (endpoint de pago/restringido)
  [  17/3149] DE000DWS22Q5 -> sin NAV (endpoint de pago/restringido)
  [  18/3149] DE000DWS24G2 -> sin NAV (endpoint de pago/restringido)
  [  19/3149] DE000DWS29E6 -> sin NAV (endpoint de pago/restringido)
  [  20/3149] DE000DWS29F3 -> sin NAV (endpoint de pago/restringido)
  [  21/3149] DE000DWS29J5 -> sin NAV (endpoint de pago/restringido)
  [  22/3149] DE000DWS2EA5 -> sin NAV (endpoint de pago/restringido)
  [  23/3149] DE000DWS2MA8 -> sin NAV (endpoint de pago/restringido)
  [  24/3149] DE000DWS2NP4 -> sin NAV (endpoint de pago/restringido)
  [  25/3149] DE000DWS2R94 -> sin NAV (endpoint de pago/restringido)
  [  26/3149] DE000DWS2SA5 -> sin NAV (endpoint de pago/restringido)
  [  27/3149] DE000DWS2SH0 -> sin NAV (endpoint de pago/restringido)
  [  28/3149] DE000DWS2SJ6 -> sin NAV (endpoint de pago/restringido)
  [  29/3149] DE000DWS2SL2 -> sin NAV (endpoint de pago/restringido)
  [  30/3149] DE000DWS2SM0 -> sin NAV (endpoint de pago/restringido)
  [  31/3149] DE000DWS2XX7 -> sin NAV (endpoint de pago/restringido)
  [  32/3149] DE000DWS2XY5 -> sin NAV (endpoint de pago/restringido)
  [  33/3149] ES0122762000 -> sin NAV (endpoint de pago/restringido)
  [  34/3149] ES0125756009 -> sin NAV (endpoint de pago/restringido)
  [  35/3149] ES0125756017 -> sin NAV (endpoint de pago/restringido)
  [  36/3149] ES0125757007 -> sin NAV (endpoint de pago/restringido)
  [  37/3149] ES0125757015 -> sin NAV (endpoint de pago/restringido)
  [  38/3149] ES0125757023 -> sin NAV (endpoint de pago/restringido)
  [  39/3149] ES0125776007 -> sin NAV (endpoint de pago/restringido)
  [  40/3149] ES0125776015 -> sin NAV (endpoint de pago/restringido)
  [  41/3149] ES0125776031 -> sin NAV (endpoint de pago/restringido)
  [  42/3149] ES0126547035 -> sin NAV (endpoint de pago/restringido)
  [  43/3149] ES0132214034 -> sin NAV (endpoint de pago/restringido)
  [  44/3149] ES0139012001 