c:\desarrollo\fondos\proyecto2\.pytest_cache
c:\desarrollo\fondos\proyecto2\bat
c:\desarrollo\fondos\proyecto2\data
c:\desarrollo\fondos\proyecto2\db
c:\desarrollo\fondos\proyecto2\doc
c:\desarrollo\fondos\proyecto2\error.log
c:\desarrollo\fondos\proyecto2\funds.db
c:\desarrollo\fondos\proyecto2\logs
c:\desarrollo\fondos\proyecto2\pytest.ini
c:\desarrollo\fondos\proyecto2\src
c:\desarrollo\fondos\proyecto2\tests
c:\desarrollo\fondos\proyecto2\tree.log
c:\desarrollo\fondos\proyecto2\tree.txt
c:\desarrollo\fondos\proyecto2\.pytest_cache\.gitignore
c:\desarrollo\fondos\proyecto2\.pytest_cache\CACHEDIR.TAG
c:\desarrollo\fondos\proyecto2\.pytest_cache\README.md
c:\desarrollo\fondos\proyecto2\.pytest_cache\v
c:\desarrollo\fondos\proyecto2\.pytest_cache\v\cache
c:\desarrollo\fondos\proyecto2\.pytest_cache\v\cache\lastfailed
c:\desarrollo\fondos\proyecto2\.pytest_cache\v\cache\nodeids
c:\desarrollo\fondos\proyecto2\bat\macroLoaders.bat
c:\desarrollo\fondos\proyecto2\db\schema.sql
c:\desarrollo\fondos\proyecto2\db\__init__.py
c:\desarrollo\fondos\proyecto2\db\__init__.py
c:\desarrollo\fondos\proyecto2\doc\sqlite.sql
c:\desarrollo\fondos\proyecto2\doc\sqlite.txt
c:\desarrollo\fondos\proyecto2\logs\funds.py
c:\desarrollo\fondos\proyecto2\logs\log20.log
c:\desarrollo\fondos\proyecto2\logs\security.py
c:\desarrollo\fondos\proyecto2\logs\funds.py
c:\desarrollo\fondos\proyecto2\logs\security.py
c:\desarrollo\fondos\proyecto2\src\calculations
c:\desarrollo\fondos\proyecto2\src\config.py
c:\desarrollo\fondos\proyecto2\src\db.py
c:\desarrollo\fondos\proyecto2\src\init_db.py
c:\desarrollo\fondos\proyecto2\src\loaders
c:\desarrollo\fondos\proyecto2\src\pipeline
c:\desarrollo\fondos\proyecto2\src\utils
c:\desarrollo\fondos\proyecto2\src\writers
c:\desarrollo\fondos\proyecto2\src\__init__.py
c:\desarrollo\fondos\proyecto2\src\__pycache__
c:\desarrollo\fondos\proyecto2\src\config.py
c:\desarrollo\fondos\proyecto2\src\db.py
c:\desarrollo\fondos\proyecto2\src\init_db.py
c:\desarrollo\fondos\proyecto2\src\__init__.py
c:\desarrollo\fondos\proyecto2\src\calculations\consistency.py
c:\desarrollo\fondos\proyecto2\src\calculations\deflation.py
c:\desarrollo\fondos\proyecto2\src\calculations\drawdown.py
c:\desarrollo\fondos\proyecto2\src\calculations\returns.py
c:\desarrollo\fondos\proyecto2\src\calculations\risk_metrics.py
c:\desarrollo\fondos\proyecto2\src\calculations\__init__.py
c:\desarrollo\fondos\proyecto2\src\calculations\__pycache__
c:\desarrollo\fondos\proyecto2\src\calculations\consistency.py
c:\desarrollo\fondos\proyecto2\src\calculations\deflation.py
c:\desarrollo\fondos\proyecto2\src\calculations\drawdown.py
c:\desarrollo\fondos\proyecto2\src\calculations\returns.py
c:\desarrollo\fondos\proyecto2\src\calculations\risk_metrics.py
c:\desarrollo\fondos\proyecto2\src\calculations\__init__.py
c:\desarrollo\fondos\proyecto2\src\calculations\__pycache__\consistency.cpython-313.pyc
c:\desarrollo\fondos\proyecto2\src\calculations\__pycache__\drawdown.cpython-313.pyc
c:\desarrollo\fondos\proyecto2\src\calculations\__pycache__\returns.cpython-313.pyc
c:\desarrollo\fondos\proyecto2\src\calculations\__pycache__\__init__.cpython-313.pyc
c:\desarrollo\fondos\proyecto2\src\loaders\inflation_loaders.py
c:\desarrollo\fondos\proyecto2\src\loaders\macro_loader.py
c:\desarrollo\fondos\proyecto2\src\loaders\nav_discovery.py
c:\desarrollo\fondos\proyecto2\src\loaders\nav_loader.py
c:\desarrollo\fondos\proyecto2\src\loaders\__init__.py
c:\desarrollo\fondos\proyecto2\src\loaders\__pycache__
c:\desarrollo\fondos\proyecto2\src\loaders\inflation_loaders.py
c:\desarrollo\fondos\proyecto2\src\loaders\macro_loader.py
c:\desarrollo\fondos\proyecto2\src\loaders\nav_discovery.py
c:\desarrollo\fondos\proyecto2\src\loaders\nav_loader.py
c:\desarrollo\fondos\proyecto2\src\loaders\__init__.py
c:\desarrollo\fondos\proyecto2\src\loaders\__pycache__\macro_loader.cpython-313.pyc
c:\desarrollo\fondos\proyecto2\src\loaders\__pycache__\nav_discovery.cpython-313.pyc
c:\desarrollo\fondos\proyecto2\src\loaders\__pycache__\__init__.cpython-313.pyc
c:\desarrollo\fondos\proyecto2\src\pipeline\run_pipeline.py
c:\desarrollo\fondos\proyecto2\src\pipeline\run_pipeline_old.py
c:\desarrollo\fondos\proyecto2\src\pipeline\__init__.py
c:\desarrollo\fondos\proyecto2\src\pipeline\run_pipeline.py
c:\desarrollo\fondos\proyecto2\src\pipeline\run_pipeline_old.py
c:\desarrollo\fondos\proyecto2\src\pipeline\__init__.py
c:\desarrollo\fondos\proyecto2\src\utils\logger.py
c:\desarrollo\fondos\proyecto2\src\utils\time_windows.py
c:\desarrollo\fondos\proyecto2\src\utils\validators.py
c:\desarrollo\fondos\proyecto2\src\utils\__init__.py
c:\desarrollo\fondos\proyecto2\src\utils\logger.py
c:\desarrollo\fondos\proyecto2\src\utils\time_windows.py
c:\desarrollo\fondos\proyecto2\src\utils\validators.py
c:\desarrollo\fondos\proyecto2\src\utils\__init__.py
c:\desarrollo\fondos\proyecto2\src\writers\metrics_writer.py
c:\desarrollo\fondos\proyecto2\src\writers\__init__.py
c:\desarrollo\fondos\proyecto2\src\writers\metrics_writer.py
c:\desarrollo\fondos\proyecto2\src\writers\__init__.py
c:\desarrollo\fondos\proyecto2\src\__pycache__\config.cpython-313.pyc
c:\desarrollo\fondos\proyecto2\src\__pycache__\db.cpython-313.pyc
c:\desarrollo\fondos\proyecto2\src\__pycache__\init_db.cpython-313.pyc
c:\desarrollo\fondos\proyecto2\src\__pycache__\__init__.cpython-313.pyc
c:\desarrollo\fondos\proyecto2\tests\test_consistency.py
c:\desarrollo\fondos\proyecto2\tests\test_drawdown.py
c:\desarrollo\fondos\proyecto2\tests\__pycache__
c:\desarrollo\fondos\proyecto2\tests\test_consistency.py
c:\desarrollo\fondos\proyecto2\tests\test_drawdown.py
c:\desarrollo\fondos\proyecto2\tests\__pycache__\test_consistency.cpython-313-pytest-9.0.2.pyc
c:\desarrollo\fondos\proyecto2\tests\__pycache__\test_drawdown.cpython-313-pytest-9.0.2.pyc
